Using pre-set license
Built from '2021.3/staging' branch; Version is '2021.3.18f1 (3129e69bc0c7) revision 3221990'; Using compiler version '192829333'; Build Type 'Release'
OS: 'Windows 11  (10.0.22621) 64bit CoreSingleLanguage' Language: 'vi' Physical Memory: 16205 MB
BatchMode: 1, IsHumanControllingUs: 0, StartBugReporterOnCrash: 0, Is64bit: 1, IsPro: 1

COMMAND LINE ARGUMENTS:
D:\Unity editor\2021.3.18f1\Editor\Unity.exe
-adb2
-batchMode
-noUpm
-name
AssetImportWorker0
-projectPath
E:/File Unity/520H0590_Lab7
-logFile
Logs/AssetImportWorker0.log
-srvPort
64273
Successfully changed project path to: E:/File Unity/520H0590_Lab7
E:/File Unity/520H0590_Lab7
[UnityMemory] Configuration Parameters - Can be set up in boot.config
    "memorysetup-bucket-allocator-granularity=16"
    "memorysetup-bucket-allocator-bucket-count=8"
    "memorysetup-bucket-allocator-block-size=33554432"
    "memorysetup-bucket-allocator-block-count=8"
    "memorysetup-main-allocator-block-size=16777216"
    "memorysetup-thread-allocator-block-size=16777216"
    "memorysetup-gfx-main-allocator-block-size=16777216"
    "memorysetup-gfx-thread-allocator-block-size=16777216"
    "memorysetup-cache-allocator-block-size=4194304"
    "memorysetup-typetree-allocator-block-size=2097152"
    "memorysetup-profiler-bucket-allocator-granularity=16"
    "memorysetup-profiler-bucket-allocator-bucket-count=8"
    "memorysetup-profiler-bucket-allocator-block-size=33554432"
    "memorysetup-profiler-bucket-allocator-block-count=8"
    "memorysetup-profiler-allocator-block-size=16777216"
    "memorysetup-profiler-editor-allocator-block-size=1048576"
    "memorysetup-temp-allocator-size-main=16777216"
    "memorysetup-job-temp-allocator-block-size=2097152"
    "memorysetup-job-temp-allocator-block-size-background=1048576"
    "memorysetup-job-temp-allocator-reduction-small-platforms=262144"
    "memorysetup-temp-allocator-size-background-worker=32768"
    "memorysetup-temp-allocator-size-job-worker=262144"
    "memorysetup-temp-allocator-size-preload-manager=33554432"
    "memorysetup-temp-allocator-size-nav-mesh-worker=65536"
    "memorysetup-temp-allocator-size-audio-worker=65536"
    "memorysetup-temp-allocator-size-cloud-worker=32768"
    "memorysetup-temp-allocator-size-gi-baking-worker=262144"
    "memorysetup-temp-allocator-size-gfx=262144"
Player connection [22208] Host "[IP] 192.168.1.28 [Port] 0 [Flags] 2 [Guid] 3805833307 [EditorId] 3805833307 [Version] 1048832 [Id] WindowsEditor(7,MSI) [Debug] 1 [PackageName] WindowsEditor [ProjectName] Editor" joined multi-casting on [225.0.0.222:54997]...

Player connection [22208] Host "[IP] 192.168.1.28 [Port] 0 [Flags] 2 [Guid] 3805833307 [EditorId] 3805833307 [Version] 1048832 [Id] WindowsEditor(7,MSI) [Debug] 1 [PackageName] WindowsEditor [ProjectName] Editor" joined alternative multi-casting on [225.0.0.222:34997]...

Refreshing native plugins compatible for Editor in 60.07 ms, found 3 plugins.
Preloading 0 native plugins for Editor in 0.00 ms.
Initialize engine version: 2021.3.18f1 (3129e69bc0c7)
[Subsystems] Discovering subsystems at path D:/Unity editor/2021.3.18f1/Editor/Data/Resources/UnitySubsystems
[Subsystems] Discovering subsystems at path E:/File Unity/520H0590_Lab7/Assets
GfxDevice: creating device client; threaded=0; jobified=0
Direct3D:
    Version:  Direct3D 11.0 [level 11.1]
    Renderer: NVIDIA GeForce GTX 1650 (ID=0x1f99)
    Vendor:   NVIDIA
    VRAM:     3962 MB
    Driver:   30.0.14.9717
Initialize mono
Mono path[0] = 'D:/Unity editor/2021.3.18f1/Editor/Data/Managed'
Mono path[1] = 'D:/Unity editor/2021.3.18f1/Editor/Data/MonoBleedingEdge/lib/mono/unityjit-win32'
Mono config path = 'D:/Unity editor/2021.3.18f1/Editor/Data/MonoBleedingEdge/etc'
Using monoOptions --debugger-agent=transport=dt_socket,embedding=1,server=y,suspend=n,address=127.0.0.1:56204
Begin MonoManager ReloadAssembly
Registering precompiled unity dll's ...
Register platform support module: D:/Unity editor/2021.3.18f1/Editor/Data/PlaybackEngines/WebGLSupport/UnityEditor.WebGL.Extensions.dll
Register platform support module: D:/Unity editor/2021.3.18f1/Editor/Data/PlaybackEngines/WindowsStandaloneSupport/UnityEditor.WindowsStandalone.Extensions.dll
Registered in 0.001672 seconds.
Native extension for WindowsStandalone target not found
Native extension for WebGL target not found
Refreshing native plugins compatible for Editor in 62.80 ms, found 3 plugins.
Preloading 0 native plugins for Editor in 0.00 ms.
Mono: successfully reloaded assembly
- Completed reload, in  0.627 seconds
Domain Reload Profiling:
	ReloadAssembly (628ms)
		BeginReloadAssembly (81ms)
			ExecutionOrderSort (0ms)
			DisableScriptedObjects (0ms)
			BackupInstance (0ms)
			ReleaseScriptingObjects (0ms)
			CreateAndSetChildDomain (1ms)
		EndReloadAssembly (440ms)
			LoadAssemblies (81ms)
			RebuildTransferFunctionScriptingTraits (0ms)
			SetupTypeCache (103ms)
			ReleaseScriptCaches (0ms)
			RebuildScriptCaches (31ms)
			SetupLoadedEditorAssemblies (261ms)
				LogAssemblyErrors (0ms)
				InitializePlatformSupportModulesInManaged (7ms)
				SetLoadedEditorAssemblies (0ms)
				RefreshPlugins (63ms)
				BeforeProcessingInitializeOnLoad (1ms)
				ProcessInitializeOnLoadAttributes (145ms)
				ProcessInitializeOnLoadMethodAttributes (45ms)
				AfterProcessingInitializeOnLoad (0ms)
				EditorAssembliesLoaded (0ms)
			ExecutionOrderSort2 (0ms)
			AwakeInstancesAfterBackupRestoration (0ms)
Platform modules already initialized, skipping
Registering precompiled user dll's ...
Registered in 0.002386 seconds.
Begin MonoManager ReloadAssembly
Symbol file LoadedFromMemory doesn't match image E:\File Unity\520H0590_Lab7\Library\PackageCache\com.unity.visualscripting@1.8.0\Editor\VisualScripting.Core\Dependencies\YamlDotNet\Unity.VisualScripting.YamlDotNet.dll
Symbol file LoadedFromMemory doesn't match image E:\File Unity\520H0590_Lab7\Library\PackageCache\com.unity.visualscripting@1.8.0\Editor\VisualScripting.Core\Dependencies\DotNetZip\Unity.VisualScripting.IonicZip.dll
Native extension for WindowsStandalone target not found
Native extension for WebGL target not found
Refreshing native plugins compatible for Editor in 0.43 ms, found 3 plugins.
Preloading 0 native plugins for Editor in 0.00 ms.
Mono: successfully reloaded assembly
- Completed reload, in  0.948 seconds
Domain Reload Profiling:
	ReloadAssembly (949ms)
		BeginReloadAssembly (132ms)
			ExecutionOrderSort (0ms)
			DisableScriptedObjects (7ms)
			BackupInstance (0ms)
			ReleaseScriptingObjects (0ms)
			CreateAndSetChildDomain (22ms)
		EndReloadAssembly (707ms)
			LoadAssemblies (66ms)
			RebuildTransferFunctionScriptingTraits (0ms)
			SetupTypeCache (225ms)
			ReleaseScriptCaches (1ms)
			RebuildScriptCaches (52ms)
			SetupLoadedEditorAssemblies (316ms)
				LogAssemblyErrors (0ms)
				InitializePlatformSupportModulesInManaged (5ms)
				SetLoadedEditorAssemblies (0ms)
				RefreshPlugins (0ms)
				BeforeProcessingInitializeOnLoad (63ms)
				ProcessInitializeOnLoadAttributes (225ms)
				ProcessInitializeOnLoadMethodAttributes (19ms)
				AfterProcessingInitializeOnLoad (2ms)
				EditorAssembliesLoaded (0ms)
			ExecutionOrderSort2 (0ms)
			AwakeInstancesAfterBackupRestoration (5ms)
Platform modules already initialized, skipping
========================================================================
Worker process is ready to serve import requests
Launched and connected shader compiler UnityShaderCompiler.exe after 0.05 seconds
Refreshing native plugins compatible for Editor in 0.75 ms, found 3 plugins.
Preloading 0 native plugins for Editor in 0.00 ms.
Unloading 2920 Unused Serialized files (Serialized files now loaded: 0)
Unloading 21 unused Assets / (56.5 KB). Loaded Objects now: 3389.
Memory consumption went from 105.7 MB to 105.6 MB.
Total: 4.970800 ms (FindLiveObjects: 0.313700 ms CreateObjectMapping: 0.292400 ms MarkObjects: 4.243500 ms  DeleteObjects: 0.119900 ms)

AssetImportParameters requested are different than current active one (requested -> active):
  custom:video-decoder-ogg-theora: a1e56fd34408186e4bbccfd4996cb3dc -> 
  custom:container-muxer-webm: aa71ff27fc2769a1b78a27578f13a17b -> 
  custom:container-demuxer-webm: 4f35f7cbe854078d1ac9338744f61a02 -> 
  custom:video-encoder-webm-vp8: eb34c28f22e8b96e1ab97ce403110664 -> 
  custom:video-codec-MediaFoundation-h265: 746d11721c4dcdbdad8f713fa42b33f4 -> 
  custom:audio-encoder-webm-vorbis: bf7c407c2cedff20999df2af8eb42d56 -> 
  custom:framework-win-MediaFoundation: 216162199b28c13a410421893ffa2e32 -> 
  custom:container-demuxer-ogg: 62fdf1f143b41e24485cea50d1cbac27 -> 
  custom:video-decoder-webm-vp8: 9c59270c3fd7afecdb556c50c9e8de78 -> 
  custom:audio-decoder-ogg-vorbis: bf7c407c2cedff20999df2af8eb42d56 -> 
========================================================================
Received Import Request.
  Time since last request: 33233.291591 seconds.
  path: Assets/Animations/Humanoid/humanoid_weapon_lower.fbx
  artifactKey: Guid(2ec4bde4760ff6649a9ebe052624c435) Importer(815301076,1909f56bfc062723c751e8b465ee728b)
Start importing Assets/Animations/Humanoid/humanoid_weapon_lower.fbx using Guid(2ec4bde4760ff6649a9ebe052624c435) Importer(815301076,1909f56bfc062723c751e8b465ee728b)  -> (artifact id: '69cdaa40cdd457e6e0e89b7b6cb9458b') in 0.340152 seconds 
========================================================================
Received Import Request.
  Time since last request: 0.000019 seconds.
  path: Assets/Animations/Humanoid
  artifactKey: Guid(7706db992b347fb4c8146ac65a3f2cb9) Importer(815301076,1909f56bfc062723c751e8b465ee728b)
Start importing Assets/Animations/Humanoid using Guid(7706db992b347fb4c8146ac65a3f2cb9) Importer(815301076,1909f56bfc062723c751e8b465ee728b)  -> (artifact id: 'ea233e971470b4b47a20be989fc191b0') in 0.005187 seconds 
========================================================================
Received Import Request.
  Time since last request: 0.000040 seconds.
  path: Assets/Animations
  artifactKey: Guid(62e160d0451bd31468f0703ac2f74808) Importer(815301076,1909f56bfc062723c751e8b465ee728b)
Start importing Assets/Animations using Guid(62e160d0451bd31468f0703ac2f74808) Importer(815301076,1909f56bfc062723c751e8b465ee728b)  -> (artifact id: '98a4298a67addb6da352c8952592af9d') in 0.006080 seconds 
========================================================================
Received Import Request.
  Time since last request: 0.000029 seconds.
  path: Assets/Animations/Humanoid/humanoid_runForward_turnMedium.fbx
  artifactKey: Guid(e8993af5a1959f04794bb976ce722968) Importer(815301076,1909f56bfc062723c751e8b465ee728b)
Start importing Assets/Animations/Humanoid/humanoid_runForward_turnMedium.fbx using Guid(e8993af5a1959f04794bb976ce722968) Importer(815301076,1909f56bfc062723c751e8b465ee728b)  -> (artifact id: '8773c88167dcadcda00d5010bca10bfc') in 0.011267 seconds 
========================================================================
Received Import Request.
  Time since last request: 0.000028 seconds.
  path: Assets/Animations/Humanoid/humanoid_walkForward_faceForward.fbx
  artifactKey: Guid(2583f2d19241d4b4bbced56b629d7790) Importer(815301076,1909f56bfc062723c751e8b465ee728b)
Start importing Assets/Animations/Humanoid/humanoid_walkForward_faceForward.fbx using Guid(2583f2d19241d4b4bbced56b629d7790) Importer(815301076,1909f56bfc062723c751e8b465ee728b)  -> (artifact id: 'd50cd6fea4b0a7f4a2e045bd37e935aa') in 0.012436 seconds 
========================================================================
Received Import Request.
  Time since last request: 0.000017 seconds.
  path: Assets/Animations/Humanoid/humanoid_walkForward_turnWide.fbx
  artifactKey: Guid(6b0815f95345b4343afeb1036a0f7dd9) Importer(815301076,1909f56bfc062723c751e8b465ee728b)
Start importing Assets/Animations/Humanoid/humanoid_walkForward_turnWide.fbx using Guid(6b0815f95345b4343afeb1036a0f7dd9) Importer(815301076,1909f56bfc062723c751e8b465ee728b)  -> (artifact id: 'c8850e0ee49674a6bb763f2d4966047b') in 0.012055 seconds 
========================================================================
Received Import Request.
  Time since last request: 0.000021 seconds.
  path: Assets/Animations/Humanoid/humanoid_walkForward_turnShort.fbx
  artifactKey: Guid(02cebe8216406c64d92960c449be80fc) Importer(815301076,1909f56bfc062723c751e8b465ee728b)
Start importing Assets/Animations/Humanoid/humanoid_walkForward_turnShort.fbx using Guid(02cebe8216406c64d92960c449be80fc) Importer(815301076,1909f56bfc062723c751e8b465ee728b)  -> (artifact id: '3b4e3fdaefbdfba88a9d195d1fc9ef5d') in 0.011735 seconds 
========================================================================
Received Import Request.
  Time since last request: 0.000024 seconds.
  path: Assets/Animations/Humanoid/humanoid_runForward_turnWide.fbx
  artifactKey: Guid(a1d0c8ae07b98094bbb3c6d037b71e66) Importer(815301076,1909f56bfc062723c751e8b465ee728b)
Start importing Assets/Animations/Humanoid/humanoid_runForward_turnWide.fbx using Guid(a1d0c8ae07b98094bbb3c6d037b71e66) Importer(815301076,1909f56bfc062723c751e8b465ee728b)  -> (artifact id: '1e921404f0447209235a4ce43d78f621') in 0.010043 seconds 
========================================================================
Received Import Request.
  Time since last request: 0.000017 seconds.
  path: Assets/Animations/Humanoid/humanoid_walkForward_turnMedium.fbx
  artifactKey: Guid(838c6c78fbd2e934fa72ca93ed863e49) Importer(815301076,1909f56bfc062723c751e8b465ee728b)
Start importing Assets/Animations/Humanoid/humanoid_walkForward_turnMedium.fbx using Guid(838c6c78fbd2e934fa72ca93ed863e49) Importer(815301076,1909f56bfc062723c751e8b465ee728b)  -> (artifact id: '23d539e8d51fd6d752982ac52e14cdb1') in 0.011608 seconds 
========================================================================
Received Import Request.
  Time since last request: 0.000021 seconds.
  path: Assets/Animations/Humanoid/humanoid_idle.fbx
  artifactKey: Guid(5eae959c4b3464e4185c07d188ee1227) Importer(815301076,1909f56bfc062723c751e8b465ee728b)
Start importing Assets/Animations/Humanoid/humanoid_idle.fbx using Guid(5eae959c4b3464e4185c07d188ee1227) Importer(815301076,1909f56bfc062723c751e8b465ee728b)  -> (artifact id: 'fbdce0ab97870c6f50a9562df2d858a8') in 0.012731 seconds 
========================================================================
Received Import Request.
  Time since last request: 7.579456 seconds.
  path: Assets/Animator/AvatarMasks/EnemyShootingMask.mask
  artifactKey: Guid(f8a40529b736b7048aa7a69244186418) Importer(815301076,1909f56bfc062723c751e8b465ee728b)
Start importing Assets/Animator/AvatarMasks/EnemyShootingMask.mask using Guid(f8a40529b736b7048aa7a69244186418) Importer(815301076,1909f56bfc062723c751e8b465ee728b)  -> (artifact id: 'f1568d530b9c49b2013d10eeacea6ff8') in 0.011436 seconds 
========================================================================
Received Import Request.
  Time since last request: 50.957562 seconds.
  path: Assets/Materials/char_robotGuard_suit_mat.mat
  artifactKey: Guid(baff1f4726b6b85418ebb43554ca1c98) Importer(815301076,1909f56bfc062723c751e8b465ee728b)
Start importing Assets/Materials/char_robotGuard_suit_mat.mat using Guid(baff1f4726b6b85418ebb43554ca1c98) Importer(815301076,1909f56bfc062723c751e8b465ee728b)  -> (artifact id: 'e0f2a02bbcbed71985827943158951ca') in 0.222414 seconds 
========================================================================
Received Import Request.
  Time since last request: 2.204089 seconds.
  path: Assets/Textures/cube_stealth01_sharp.cubemap
  artifactKey: Guid(fa43e2bcb8953814d8a89e83a2a7a867) Importer(815301076,1909f56bfc062723c751e8b465ee728b)
Start importing Assets/Textures/cube_stealth01_sharp.cubemap using Guid(fa43e2bcb8953814d8a89e83a2a7a867) Importer(815301076,1909f56bfc062723c751e8b465ee728b)  -> (artifact id: 'd853f118f0b258e3c6b97b3cf28c625d') in 0.067410 seconds 
========================================================================
Received Import Request.
  Time since last request: 27.232570 seconds.
  path: Assets/Textures/char_robotGuard_helmet_nrm.tif
  artifactKey: Guid(ed1c090bf367d964b8082e9e25999d82) Importer(815301076,1909f56bfc062723c751e8b465ee728b)
Start importing Assets/Textures/char_robotGuard_helmet_nrm.tif using Guid(ed1c090bf367d964b8082e9e25999d82) Importer(815301076,1909f56bfc062723c751e8b465ee728b)  -> (artifact id: '96dfca99cdfe6ba58e4e57aa2387a234') in 0.021728 seconds 
========================================================================
Received Import Request.
  Time since last request: 0.000020 seconds.
  path: Assets/Textures/propCrate_NRM.psd
  artifactKey: Guid(b98f7de53a3e7e447847f5db77911264) Importer(815301076,1909f56bfc062723c751e8b465ee728b)
Start importing Assets/Textures/propCrate_NRM.psd using Guid(b98f7de53a3e7e447847f5db77911264) Importer(815301076,1909f56bfc062723c751e8b465ee728b)  -> (artifact id: '79f7cd1b2e01b60bd92f98bd6fbc1182') in 0.021571 seconds 
========================================================================
Received Import Request.
  Time since last request: 0.000025 seconds.
  path: Assets/Textures/propCrate_DFF.psd
  artifactKey: Guid(16a97b98cbe1e3b49b943717699ffce8) Importer(815301076,1909f56bfc062723c751e8b465ee728b)
Start importing Assets/Textures/propCrate_DFF.psd using Guid(16a97b98cbe1e3b49b943717699ffce8) Importer(815301076,1909f56bfc062723c751e8b465ee728b)  -> (artifact id: '2c5e922d14fbd5ff4e3aa314f73507b5') in 0.024442 seconds 
========================================================================
Received Import Request.
  Time since last request: 0.000030 seconds.
  path: Assets/Textures/tileWoodPlywood_var03_DFF.psd
  artifactKey: Guid(9aa9cf72dbacc8744bcf54f280fd3bde) Importer(815301076,1909f56bfc062723c751e8b465ee728b)
Start importing Assets/Textures/tileWoodPlywood_var03_DFF.psd using Guid(9aa9cf72dbacc8744bcf54f280fd3bde) Importer(815301076,1909f56bfc062723c751e8b465ee728b)  -> (artifact id: '2500eec2bccf67c40e7f4ce3ceb3c101') in 0.031939 seconds 
========================================================================
Received Import Request.
  Time since last request: 0.000020 seconds.
  path: Assets/Textures/tileWoodPlywood_var01_DFF.psd
  artifactKey: Guid(d88294ccfe0ea8649b74a48549807995) Importer(815301076,1909f56bfc062723c751e8b465ee728b)
Start importing Assets/Textures/tileWoodPlywood_var01_DFF.psd using Guid(d88294ccfe0ea8649b74a48549807995) Importer(815301076,1909f56bfc062723c751e8b465ee728b)  -> (artifact id: 'b7fab3280b3a87ad602bf29e4b6f6312') in 0.026147 seconds 
========================================================================
Received Import Request.
  Time since last request: 0.000018 seconds.
  path: Assets/Textures/tileMetalCorrugated_var01_DFF.psd
  artifactKey: Guid(ac038d30d9736fa46b1aeb7275406c79) Importer(815301076,1909f56bfc062723c751e8b465ee728b)
Start importing Assets/Textures/tileMetalCorrugated_var01_DFF.psd using Guid(ac038d30d9736fa46b1aeb7275406c79) Importer(815301076,1909f56bfc062723c751e8b465ee728b)  -> (artifact id: 'bac9f6ee19b46638d976c7b0821c1c9c') in 0.015555 seconds 
========================================================================
Received Import Request.
  Time since last request: 0.000024 seconds.
  path: Assets/Textures/prop_sciFiGun_dff.tif
  artifactKey: Guid(ee75d90e8a153444d9c6948dfaf1401c) Importer(815301076,1909f56bfc062723c751e8b465ee728b)
Start importing Assets/Textures/prop_sciFiGun_dff.tif using Guid(ee75d90e8a153444d9c6948dfaf1401c) Importer(815301076,1909f56bfc062723c751e8b465ee728b)  -> (artifact id: '4eea2e18b12773d280fb49887e0113c3') in 0.016985 seconds 
Editor requested this worker to shutdown with reason: Scaling down because of idle timeout
AssetImportWorker is now disconnected from the server
Process exiting
Exiting without the bug reporter. Application will terminate with return code 0